<?xml version="1.0" encoding="UTF-8"?>
<testsuite name="global.goit.SumCalculatorTest" tests="3" skipped="0" failures="0" errors="0" timestamp="2023-07-03T21:46:32" hostname="DESKTOP-Q840569" time="0.1">
  <properties/>
  <testcase name="testThatSumReturnOne()" classname="global.goit.SumCalculatorTest" time="0.081"/>
  <testcase name="testThatSumReturnSix()" classname="global.goit.SumCalculatorTest" time="0.002"/>
  <testcase name="testThatSumThrowIllegalArgumentException()" classname="global.goit.SumCalculatorTest" time="0.01"/>
  <system-out><![CDATA[]]></system-out>
  <system-err><![CDATA[]]></system-err>
</testsuite>
